<?xml version="1.0" encoding="UTF-8"?>
<!-- Generated by org.testng.reporters.JUnitXMLReporter -->
<testsuite ignored="0" hostname="SUNEETHA-PC" failures="0" tests="11" name="Default test" time="16.631" errors="0" timestamp="2024-11-08T16:10:42 SGT">
  <testcase classname="ToDoAssessment.TodoTestCases" name="VerifyDestroyButton" time="0.569"/>
  <testcase classname="ToDoAssessment.TodoTestCases" name="addTodo" time="0.398"/>
  <testcase classname="ToDoAssessment.TodoTestCases" name="emptyTodo" time="0.044"/>
  <testcase classname="ToDoAssessment.TodoTestCases" name="verifyActive" time="0.505"/>
  <testcase classname="ToDoAssessment.TodoTestCases" name="verifyAll" time="0.451"/>
  <testcase classname="ToDoAssessment.TodoTestCases" name="verifyCompleted" time="0.493"/>
  <testcase classname="ToDoAssessment.TodoTestCases" name="verifyCompletedPageClearCompleted" time="0.469"/>
  <testcase classname="ToDoAssessment.TodoTestCases" name="verifyEditInput" time="0.245"/>
  <testcase classname="ToDoAssessment.TodoTestCases" name="verifyMainPageAfterClearCompleted" time="0.429"/>
  <testcase classname="ToDoAssessment.TodoTestCases" name="verifySelectDownArrowButton" time="0.383"/>
  <testcase classname="ToDoAssessment.TodoTestCases" name="verifySelectDownArrowButtonTwotimes" time="0.46"/>
</testsuite> <!-- Default test -->
