<?xml version="1.0" encoding="UTF-8"?>
<!-- Generated by org.testng.reporters.JUnitXMLReporter -->
<testsuite ignored="0" hostname="SUNEETHA-PC" failures="0" tests="11" name="TodoTestCases" time="16.338" errors="0" timestamp="2024-11-08T15:59:08 SGT">
  <testcase classname="ToDoAssessment.TodoTestCases" name="VerifyDestroyButton" time="0.544"/>
  <testcase classname="ToDoAssessment.TodoTestCases" name="addTodo" time="0.394"/>
  <testcase classname="ToDoAssessment.TodoTestCases" name="emptyTodo" time="0.056"/>
  <testcase classname="ToDoAssessment.TodoTestCases" name="verifyActive" time="0.499"/>
  <testcase classname="ToDoAssessment.TodoTestCases" name="verifyAll" time="0.442"/>
  <testcase classname="ToDoAssessment.TodoTestCases" name="verifyCompleted" time="0.475"/>
  <testcase classname="ToDoAssessment.TodoTestCases" name="verifyCompletedPageClearCompleted" time="0.465"/>
  <testcase classname="ToDoAssessment.TodoTestCases" name="verifyEditInput" time="0.215"/>
  <testcase classname="ToDoAssessment.TodoTestCases" name="verifyMAClearCompleted" time="0.428"/>
  <testcase classname="ToDoAssessment.TodoTestCases" name="verifySelectDownArrowButton" time="0.414"/>
  <testcase classname="ToDoAssessment.TodoTestCases" name="verifySelectDownArrowButtonTwotimes" time="0.425"/>
</testsuite> <!-- TodoTestCases -->
